2025-04-09 01:47:11 [INFO]: Action: Login - Performed by: ceoUser (CEO) - Description: ceoUser logged in successfully as CEO - IP: ::1
2025-04-09 02:19:14 [INFO]: Action: Login - Performed by: ceoUser (CEO) - Description: ceoUser logged in successfully as CEO - IP: ::1
2025-04-09 05:15:08 [INFO]: Action: Login - Performed by: zeo_bhalla (ZEO) - Description: zeo_bhalla logged in successfully as ZEO - IP: ::1
2025-04-09 05:26:36 [INFO]: Action: Login - Performed by: ceoUser (CEO) - Description: ceoUser logged in successfully as CEO - IP: ::1
2025-04-09 06:31:22 [INFO]: Action: Login - Performed by: school7 (schoolAdmin) - Description: school7 logged in successfully as schoolAdmin - IP: ::1
2025-04-09 22:02:13 [INFO]: Action: Login - Performed by: ceoUser (CEO) - Description: ceoUser logged in successfully as CEO - IP: ::1
2025-04-09 22:02:57 [INFO]: Action: Login - Performed by: ceoUser (CEO) - Description: ceoUser logged in successfully as CEO - IP: ::1
2025-04-09 22:10:41 [INFO]: Action: Login - Performed by: zeo_bhalla (ZEO) - Description: zeo_bhalla logged in successfully as ZEO - IP: ::1
2025-04-09 22:11:04 [INFO]: Action: Login - Performed by: zeo_bhalla (ZEO) - Description: zeo_bhalla logged in successfully as ZEO - IP: ::1
2025-04-09 22:40:12 [INFO]: Action: Login - Performed by: ceoUser (CEO) - Description: ceoUser logged in successfully as CEO - IP: ::1
2025-04-09 22:51:25 [INFO]: Action: Login - Performed by: ceoUser (CEO) - Description: ceoUser logged in successfully as CEO - IP: ::1
2025-04-09 22:51:26 [INFO]: Action: Login - Performed by: ceoUser (CEO) - Description: ceoUser logged in successfully as CEO - IP: ::1
2025-04-09 23:01:06 [INFO]: Action: Login - Performed by: ceoUser (CEO) - Description: ceoUser logged in successfully as CEO - IP: ::1
2025-04-10 01:18:45 [INFO]: Action: Login - Performed by: ceoAdmin (CEO) - Description: ceoAdmin logged in successfully as CEO - IP: ::1
2025-04-10 01:27:18 [INFO]: Action: Login - Performed by: ceoUser (CEO) - Description: ceoUser logged in successfully as CEO - IP: ::1
2025-04-10 01:27:27 [INFO]: Action: Password Update - Performed by: ceoUser (CEO) - Description: User ceoUser updated their password. - IP: ::1
2025-04-10 01:58:52 [INFO]: Action: Login - Performed by: zeo_bhalla (ZEO) - Description: zeo_bhalla logged in successfully as ZEO - IP: ::1
2025-04-10 01:58:56 [INFO]: Action: Password Update - Performed by: zeo_bhalla (ZEO) - Description: User zeo_bhalla updated their password. - IP: ::1
2025-04-10 02:03:48 [INFO]: Action: Login - Performed by: ceoUser (CEO) - Description: ceoUser logged in successfully as CEO - IP: ::1
2025-04-10 02:21:03 [INFO]: Action: Login - Performed by: ceoUser (CEO) - Description: ceoUser logged in successfully as CEO - IP: ::1
2025-04-10 02:29:39 [INFO]: Action: Login - Performed by: ceoUser (CEO) - Description: ceoUser logged in successfully as CEO - IP: ::1
2025-04-10 04:19:07 [INFO]: Action: Password Update - Performed by: ceoUser (CEO) - Description: User ceoUser updated their password. - IP: ::1
2025-04-10 04:19:32 [INFO]: Action: Login - Performed by: ceoUser (CEO) - Description: ceoUser logged in successfully as CEO - IP: ::1
2025-04-10 04:36:54 [INFO]: Action: Failed Login - Performed by: zeo_bhalla (ZEO) - Description: Unsuccessful login attempt - IP: ::1
2025-04-10 04:36:59 [INFO]: Action: Login - Performed by: zeo_bhalla (ZEO) - Description: zeo_bhalla logged in successfully as ZEO - IP: ::1
2025-04-10 08:45:11 [INFO]: Action: Employee Creation - Performed by: 67f6d84f6c84dc1527cb0a32 (ZEO) - Description: Created employee Anand Mohan Jha - IP: ::1
2025-04-10 08:58:09 [INFO]: Action: Employee Creation - Performed by: 67f6d84f6c84dc1527cb0a32 (ZEO) - Description: Created employee Anand Mohan Jha - IP: ::1
2025-04-10 09:24:40 [INFO]: Action: Employee Creation - Performed by: 67f6d84f6c84dc1527cb0a32 (ZEO) - Description: Created employee Anand Mohan Jha - IP: ::1
2025-04-10 10:13:33 [INFO]: Action: Failed Login - Performed by: ceoUser (CEO) - Description: Unsuccessful login attempt - IP: ::1
2025-04-10 10:16:43 [INFO]: Action: Login - Performed by: ceoUser (CEO) - Description: ceoUser logged in successfully as CEO - IP: ::1
2025-04-10 10:17:47 [INFO]: Action: Login - Performed by: zeo_bhalla (ZEO) - Description: zeo_bhalla logged in successfully as ZEO - IP: ::1
2025-04-10 10:20:21 [INFO]: Action: Login - Performed by: ceoUser (CEO) - Description: ceoUser logged in successfully as CEO - IP: ::1
2025-04-10 10:27:45 [INFO]: Action: Login - Performed by: ceoUser (CEO) - Description: ceoUser logged in successfully as CEO - IP: ::1
2025-04-10 10:30:57 [INFO]: Action: Login - Performed by: ceoUser (CEO) - Description: ceoUser logged in successfully as CEO - IP: ::1
2025-04-10 14:32:27 [INFO]: Action: Login - Performed by: ceoUser (CEO) - Description: ceoUser logged in successfully as CEO - IP: ::1
2025-04-10 15:05:51 [INFO]: Action: Login - Performed by: ceoUser (CEO) - Description: ceoUser logged in successfully as CEO - IP: ::1
2025-04-10 23:50:25 [INFO]: Action: Employee Creation - Performed by: 67f6d109106db152ce7959ac (CEO) - Description: Created employee Anand Mohan Jha - IP: ::1
2025-04-10 23:51:28 [INFO]: Action: Login - Performed by: 24930 (staff) - Description: 24930 logged in successfully as staff - IP: ::1
2025-04-10 23:51:35 [INFO]: Action: Password Update - Performed by: 24930 (staff) - Description: User 24930 updated their password. - IP: ::1
