2025-04-10 02:41:14 [ERROR]: uncaughtException: getUserById is not defined
ReferenceError: getUserById is not defined
    at file:///C:/Users/hp/OneDrive/Desktop/projects/EMS/backend/routes/userRoutes.js:6:24
    at ModuleJob.run (node:internal/modules/esm/module_job:222:25)
    at async ModuleLoader.import (node:internal/modules/esm/loader:316:24)
    at async asyncRunEntryPointWithESMLoader (node:internal/modules/run_main:123:5)
Stack Trace: ReferenceError: getUserById is not defined
    at file:///C:/Users/hp/OneDrive/Desktop/projects/EMS/backend/routes/userRoutes.js:6:24
    at ModuleJob.run (node:internal/modules/esm/module_job:222:25)
    at async ModuleLoader.import (node:internal/modules/esm/loader:316:24)
    at async asyncRunEntryPointWithESMLoader (node:internal/modules/run_main:123:5)
Meta: {"error":{},"exception":true,"date":"Thu Apr 10 2025 02:41:14 GMT+0530 (India Standard Time)","process":{"pid":28356,"uid":null,"gid":null,"cwd":"C:\\Users\\hp\\OneDrive\\Desktop\\projects\\EMS\\backend","execPath":"C:\\Users\\hp\\AppData\\Local\\fnm_multishells\\16588_1744178673005\\node.exe","version":"v20.14.0","argv":["C:\\Users\\hp\\AppData\\Local\\fnm_multishells\\16588_1744178673005\\node.exe","C:\\Users\\hp\\OneDrive\\Desktop\\projects\\EMS\\backend\\server.js"],"memoryUsage":{"rss":78639104,"heapTotal":57040896,"heapUsed":33868240,"external":20789870,"arrayBuffers":18262473}},"os":{"loadavg":[0,0,0],"uptime":321813.203},"trace":[{"column":24,"file":"file:///C:/Users/hp/OneDrive/Desktop/projects/EMS/backend/routes/userRoutes.js","function":null,"line":6,"method":null,"native":false},{"column":25,"file":"node:internal/modules/esm/module_job","function":"ModuleJob.run","line":222,"method":"run","native":false},{"column":24,"file":"node:internal/modules/esm/loader","function":"async ModuleLoader.import","line":316,"method":"import","native":false},{"column":5,"file":"node:internal/modules/run_main","function":"async asyncRunEntryPointWithESMLoader","line":123,"method":null,"native":false}]}
2025-04-10 03:32:31 [ERROR]: uncaughtException: getLastLogin is not defined
ReferenceError: getLastLogin is not defined
    at file:///C:/Users/hp/OneDrive/Desktop/projects/EMS/backend/routes/logRoutes.js:9:42
    at ModuleJob.run (node:internal/modules/esm/module_job:222:25)
    at async ModuleLoader.import (node:internal/modules/esm/loader:316:24)
    at async asyncRunEntryPointWithESMLoader (node:internal/modules/run_main:123:5)
Stack Trace: ReferenceError: getLastLogin is not defined
    at file:///C:/Users/hp/OneDrive/Desktop/projects/EMS/backend/routes/logRoutes.js:9:42
    at ModuleJob.run (node:internal/modules/esm/module_job:222:25)
    at async ModuleLoader.import (node:internal/modules/esm/loader:316:24)
    at async asyncRunEntryPointWithESMLoader (node:internal/modules/run_main:123:5)
Meta: {"error":{},"exception":true,"date":"Thu Apr 10 2025 03:32:31 GMT+0530 (India Standard Time)","process":{"pid":14080,"uid":null,"gid":null,"cwd":"C:\\Users\\hp\\OneDrive\\Desktop\\projects\\EMS\\backend","execPath":"C:\\Users\\hp\\AppData\\Local\\fnm_multishells\\16588_1744178673005\\node.exe","version":"v20.14.0","argv":["C:\\Users\\hp\\AppData\\Local\\fnm_multishells\\16588_1744178673005\\node.exe","C:\\Users\\hp\\OneDrive\\Desktop\\projects\\EMS\\backend\\server.js"],"memoryUsage":{"rss":77791232,"heapTotal":57569280,"heapUsed":32958568,"external":20789869,"arrayBuffers":18262472}},"os":{"loadavg":[0,0,0],"uptime":324889.937},"trace":[{"column":42,"file":"file:///C:/Users/hp/OneDrive/Desktop/projects/EMS/backend/routes/logRoutes.js","function":null,"line":9,"method":null,"native":false},{"column":25,"file":"node:internal/modules/esm/module_job","function":"ModuleJob.run","line":222,"method":"run","native":false},{"column":24,"file":"node:internal/modules/esm/loader","function":"async ModuleLoader.import","line":316,"method":"import","native":false},{"column":5,"file":"node:internal/modules/run_main","function":"async asyncRunEntryPointWithESMLoader","line":123,"method":null,"native":false}]}
2025-04-12 21:08:30 [ERROR]: uncaughtException: getZoneEmployeeCount is not defined
ReferenceError: getZoneEmployeeCount is not defined
    at file:///C:/Users/hp/OneDrive/Desktop/projects/EMS/backend/routes/zoneRoutes.js:18:45
    at ModuleJob.run (node:internal/modules/esm/module_job:222:25)
    at async ModuleLoader.import (node:internal/modules/esm/loader:316:24)
    at async asyncRunEntryPointWithESMLoader (node:internal/modules/run_main:123:5)
Stack Trace: ReferenceError: getZoneEmployeeCount is not defined
    at file:///C:/Users/hp/OneDrive/Desktop/projects/EMS/backend/routes/zoneRoutes.js:18:45
    at ModuleJob.run (node:internal/modules/esm/module_job:222:25)
    at async ModuleLoader.import (node:internal/modules/esm/loader:316:24)
    at async asyncRunEntryPointWithESMLoader (node:internal/modules/run_main:123:5)
Meta: {"error":{},"exception":true,"date":"Sat Apr 12 2025 21:08:30 GMT+0530 (India Standard Time)","process":{"pid":23148,"uid":null,"gid":null,"cwd":"C:\\Users\\hp\\OneDrive\\Desktop\\projects\\EMS\\backend","execPath":"C:\\Users\\hp\\AppData\\Local\\fnm_multishells\\6700_1744362946104\\node.exe","version":"v20.14.0","argv":["C:\\Users\\hp\\AppData\\Local\\fnm_multishells\\6700_1744362946104\\node.exe","C:\\Users\\hp\\OneDrive\\Desktop\\projects\\EMS\\backend\\server.js"],"memoryUsage":{"rss":80576512,"heapTotal":56778752,"heapUsed":33880072,"external":20789870,"arrayBuffers":18262473}},"os":{"loadavg":[0,0,0],"uptime":196807.671},"trace":[{"column":45,"file":"file:///C:/Users/hp/OneDrive/Desktop/projects/EMS/backend/routes/zoneRoutes.js","function":null,"line":18,"method":null,"native":false},{"column":25,"file":"node:internal/modules/esm/module_job","function":"ModuleJob.run","line":222,"method":"run","native":false},{"column":24,"file":"node:internal/modules/esm/loader","function":"async ModuleLoader.import","line":316,"method":"import","native":false},{"column":5,"file":"node:internal/modules/run_main","function":"async asyncRunEntryPointWithESMLoader","line":123,"method":null,"native":false}]}
